<?xml version="1.0" encoding="UTF-8"?>
<!-- Generated by org.testng.reporters.JUnitReportReporter -->
<testsuite hostname="Adarsh-PC" failures="0" tests="2" name="sanityTests.TestCase1" time="0.005" errors="0" timestamp="2023-12-27T18:25:34 IST" skipped="0">
  <testcase classname="sanityTests.TestCase1" name="m1" time="0.003"/>
  <testcase classname="sanityTests.TestCase1" name="m2" time="0.002"/>
</testsuite> <!-- sanityTests.TestCase1 -->
