<?xml version="1.0" encoding="UTF-8"?>
<!-- Generated by org.testng.reporters.JUnitReportReporter -->
<testsuite hostname="Adarsh-PC" failures="0" tests="1" name="assertions.Test1" time="0.016" errors="0" timestamp="2023-12-27T12:07:34 IST" skipped="0">
  <testcase classname="assertions.Test1" name="demoTest" time="0.016"/>
</testsuite> <!-- assertions.Test1 -->
