<?xml version="1.0" encoding="UTF-8"?>
<!-- Generated by org.testng.reporters.JUnitReportReporter -->
<testsuite hostname="Adarsh-PC" failures="0" tests="2" name="BatchTesting.PaymentTest" time="0.005" errors="0" timestamp="2023-12-28T15:43:03 IST" skipped="0">
  <testcase classname="BatchTesting.PaymentTest" name="Paymentinrupees" time="0.003"/>
  <testcase classname="BatchTesting.PaymentTest" name="Paymentindollar" time="0.002"/>
</testsuite> <!-- BatchTesting.PaymentTest -->
