<?xml version="1.0" encoding="UTF-8"?>
<!-- Generated by org.testng.reporters.JUnitReportReporter -->
<testsuite hostname="Adarsh-PC" failures="0" tests="3" name="BatchTesting.SignUpTest" time="0.006" errors="0" timestamp="2023-12-28T15:43:03 IST" skipped="0">
  <testcase classname="BatchTesting.SignUpTest" name="SignUpByTwitter" time="0.002"/>
  <testcase classname="BatchTesting.SignUpTest" name="SignUpByEmail" time="0.002"/>
  <testcase classname="BatchTesting.SignUpTest" name="SignUpByFb" time="0.002"/>
</testsuite> <!-- BatchTesting.SignUpTest -->
