<?xml version="1.0" encoding="UTF-8"?>
<!-- Generated by org.testng.reporters.JUnitReportReporter -->
<testsuite hostname="Adarsh-PC" failures="0" tests="3" name="BatchTesting.LoginTest" time="0.023" errors="0" timestamp="2023-12-28T15:43:03 IST" skipped="0">
  <testcase classname="BatchTesting.LoginTest" name="LoginByFb" time="0.003"/>
  <testcase classname="BatchTesting.LoginTest" name="LoginByEmail" time="0.013"/>
  <testcase classname="BatchTesting.LoginTest" name="LoginByTwitter" time="0.007"/>
</testsuite> <!-- BatchTesting.LoginTest -->
