<?xml version="1.0" encoding="UTF-8"?>
<!-- Generated by org.testng.reporters.JUnitReportReporter -->
<testsuite hostname="Adarsh-PC" failures="0" tests="1" name="assertions.Test3" time="0.032" errors="0" timestamp="2023-12-27T12:54:41 IST" skipped="0">
  <testcase classname="assertions.Test3" name="demoTest" time="0.032"/>
</testsuite> <!-- assertions.Test3 -->
