<?xml version="1.0" encoding="UTF-8"?>
<!-- Generated by org.testng.reporters.JUnitReportReporter -->
<testsuite hostname="Adarsh-PC" failures="0" tests="1" name="BatchTesting.PaymentReturn" time="0.002" errors="0" timestamp="2023-12-28T15:43:03 IST" skipped="0">
  <testcase classname="BatchTesting.PaymentReturn" name="returnbybank" time="0.002"/>
</testsuite> <!-- BatchTesting.PaymentReturn -->
